<?xml version="1.0" encoding="UTF-8"?>
<testsuite xmlns:xsi="http://www.w3.org/2001/XMLSchema-instance" xsi:noNamespaceSchemaLocation="https://maven.apache.org/surefire/maven-surefire-plugin/xsd/surefire-test-report.xsd" name="minecraft.teamocto.TestShieldMockBukkit" time="0.056" tests="1" errors="0" skipped="1" failures="0">
  <properties>
[...]
</properties>
  <testcase name="testSize" classname="minecraft.teamocto.TestShieldMockBukkit" time="0">
    <skipped message="Not implemented" type="be.seeseemelk.mockbukkit.UnimplementedOperationException">be.seeseemelk.mockbukkit.UnimplementedOperationException: Not implemented
	at minecraft.teamocto.TestShieldMockBukkit.testSize(TestShieldMockBukkit.java:54)
</skipped>
  </testcase>
</testsuite>