<?xml version="1.0" encoding="UTF-8" standalone="yes"?><!DOCTYPE report PUBLIC "-//JACOCO//DTD Report 1.1//EN" "report.dtd"><report name="minecraft.plugin.team-octo"><sessioninfo id="DESKTOP-7H4SBS5-71cd7f8e" start="1608627987101" dump="1608627987402"/><sessioninfo id="DESKTOP-7H4SBS5-2e25f40e" start="1608629866151" dump="1608629866400"/><sessioninfo id="DESKTOP-7H4SBS5-6dee4fb0" start="1608632447858" dump="1608632448149"/><sessioninfo id="DESKTOP-7H4SBS5-7e56f04e" start="1608637724563" dump="1608637724885"/><sessioninfo id="DESKTOP-7H4SBS5-92a28bf3" start="1608637939238" dump="1608637939470"/><sessioninfo id="DESKTOP-7H4SBS5-ca4f1660" start="1608647521674" dump="1608647521996"/><sessioninfo id="DESKTOP-7H4SBS5-a263af44" start="1608648176636" dump="1608648176893"/><sessioninfo id="DESKTOP-7H4SBS5-e4662a16" start="1608651771725" dump="1608651772026"/><sessioninfo id="DESKTOP-7H4SBS5-4ed1811a" start="1608651842016" dump="1608651842293"/><sessioninfo id="DESKTOP-7H4SBS5-ccaedc8" start="1608652311434" dump="1608652311702"/><sessioninfo id="DESKTOP-7H4SBS5-b4b0a9b" start="1608652318288" dump="1608652318555"/><sessioninfo id="DESKTOP-7H4SBS5-e4a98b09" start="1608653464853" dump="1608653465188"/><sessioninfo id="DESKTOP-7H4SBS5-96b9134b" start="1608653598308" dump="1608653598572"/><sessioninfo id="DESKTOP-7H4SBS5-faa68080" start="1608716919798" dump="1608716922743"/><sessioninfo id="DESKTOP-7H4SBS5-5214b94c" start="1608716933598" dump="1608716936288"/><sessioninfo id="DESKTOP-7H4SBS5-a822e5a6" start="1608719863131" dump="1608719864554"/><sessioninfo id="DESKTOP-7H4SBS5-2f9458ef" start="1608719912944" dump="1608719915985"/><sessioninfo id="DESKTOP-7H4SBS5-780a9b4f" start="1608720452879" dump="1608720455349"/><sessioninfo id="DESKTOP-7H4SBS5-d3dc2d3" start="1608721010137" dump="1608721012415"/><sessioninfo id="DESKTOP-7H4SBS5-56c40483" start="1608729077976" dump="1608729080094"/><sessioninfo id="DESKTOP-7H4SBS5-30b01d1d" start="1608729225252" dump="1608729226942"/><sessioninfo id="DESKTOP-7H4SBS5-7353e27" start="1608729344269" dump="1608729345739"/><sessioninfo id="DESKTOP-7H4SBS5-18b26216" start="1608731305647" dump="1608731307191"/><sessioninfo id="DESKTOP-7H4SBS5-6061c25c" start="1608731316799" dump="1608731318329"/><sessioninfo id="DESKTOP-7H4SBS5-eecb745c" start="1608731505202" dump="1608731506622"/><sessioninfo id="DESKTOP-7H4SBS5-a689d109" start="1608733004914" dump="1608733006580"/><sessioninfo id="DESKTOP-7H4SBS5-37307a2d" start="1609152215774" dump="1609152221677"/><sessioninfo id="DESKTOP-7H4SBS5-41e26659" start="1609152269727" dump="1609152275741"/><sessioninfo id="DESKTOP-7H4SBS5-f811481d" start="1609156408808" dump="1609156414471"/><sessioninfo id="DESKTOP-7H4SBS5-c5c950c6" start="1609157513983" dump="1609157519709"/><sessioninfo id="DESKTOP-7H4SBS5-33a07c99" start="1609157971204" dump="1609157976671"/><sessioninfo id="DESKTOP-7H4SBS5-9359f3a" start="1609158919629" dump="1609158925553"/><sessioninfo id="DESKTOP-7H4SBS5-69872684" start="1609158939692" dump="1609158945098"/><sessioninfo id="DESKTOP-7H4SBS5-907dd32f" start="1609158969822" dump="1609158975111"/><sessioninfo id="DESKTOP-7H4SBS5-f0ee0816" start="1609159040900" dump="1609159046150"/><sessioninfo id="DESKTOP-7H4SBS5-b003d6f3" start="1609159554819" dump="1609159560485"/><sessioninfo id="DESKTOP-7H4SBS5-6afcbbf3" start="1609159569898" dump="1609159575746"/><sessioninfo id="DESKTOP-7H4SBS5-9ccb8922" start="1609160256884" dump="1609160264293"/><sessioninfo id="DESKTOP-7H4SBS5-3b7a83d8" start="1609160275189" dump="1609160281780"/><sessioninfo id="DESKTOP-7H4SBS5-bd590b1e" start="1609160535025" dump="1609160540953"/><sessioninfo id="DESKTOP-7H4SBS5-e4481d09" start="1609160551483" dump="1609160556915"/><sessioninfo id="DESKTOP-7H4SBS5-decaccf6" start="1609165092164" dump="1609165097802"/><sessioninfo id="DESKTOP-7H4SBS5-c3b47890" start="1609165216181" dump="1609165222186"/><sessioninfo id="DESKTOP-7H4SBS5-4c7a9657" start="1609165238185" dump="1609165244097"/><sessioninfo id="DESKTOP-7H4SBS5-795147d4" start="1609165304743" dump="1609165310512"/><sessioninfo id="DESKTOP-7H4SBS5-8ec642c2" start="1609167353822" dump="1609167358968"/><sessioninfo id="DESKTOP-7H4SBS5-f171716a" start="1609167412009" dump="1609167417257"/><sessioninfo id="DESKTOP-7H4SBS5-c764bd03" start="1609167461259" dump="1609167466267"/><sessioninfo id="DESKTOP-7H4SBS5-d3e9c486" start="1609168874977" dump="1609168880354"/><sessioninfo id="DESKTOP-7H4SBS5-84144fe6" start="1609169647764" dump="1609169653272"/><sessioninfo id="DESKTOP-7H4SBS5-e84a929" start="1609170628644" dump="1609170633769"/><sessioninfo id="DESKTOP-7H4SBS5-39c60889" start="1609171232294" dump="1609171238634"/><sessioninfo id="DESKTOP-7H4SBS5-52eb481e" start="1609172067043" dump="1609172072366"/><sessioninfo id="DESKTOP-7H4SBS5-b3283ce1" start="1609172883044" dump="1609172888517"/><sessioninfo id="DESKTOP-7H4SBS5-4635c255" start="1609173131167" dump="1609173136913"/><sessioninfo id="DESKTOP-7H4SBS5-c9d6db8a" start="1609234129273" dump="1609234134805"/><sessioninfo id="DESKTOP-7H4SBS5-4cff4065" start="1609238169024" dump="1609238174076"/><sessioninfo id="DESKTOP-7H4SBS5-eba09510" start="1609238182518" dump="1609238187568"/><sessioninfo id="DESKTOP-7H4SBS5-808fb112" start="1609238375674" dump="1609238380622"/><sessioninfo id="DESKTOP-7H4SBS5-9f8c0a5c" start="1609238637641" dump="1609238642674"/><sessioninfo id="DESKTOP-7H4SBS5-bb62127a" start="1609239113343" dump="1609239118284"/><sessioninfo id="DESKTOP-7H4SBS5-7ae774e8" start="1609239347516" dump="1609239352607"/><sessioninfo id="DESKTOP-7H4SBS5-12130301" start="1609239982280" dump="1609239987277"/><sessioninfo id="DESKTOP-7H4SBS5-87d15cb9" start="1609240418928" dump="1609240423759"/><sessioninfo id="DESKTOP-7H4SBS5-881e2c3f" start="1609241062361" dump="1609241067429"/><sessioninfo id="DESKTOP-7H4SBS5-977f2b0b" start="1609241154592" dump="1609241159565"/><sessioninfo id="DESKTOP-7H4SBS5-688250cc" start="1609241314905" dump="1609241319909"/><sessioninfo id="DESKTOP-7H4SBS5-50ecba68" start="1609242602486" dump="1609242607929"/><sessioninfo id="DESKTOP-7H4SBS5-40021b0e" start="1609243226183" dump="1609243231459"/><sessioninfo id="DESKTOP-7H4SBS5-b0fa944d" start="1609243438374" dump="1609243443706"/><sessioninfo id="DESKTOP-7H4SBS5-7ecf1966" start="1609244225415" dump="1609244230624"/><sessioninfo id="DESKTOP-7H4SBS5-c57b9298" start="1609244862370" dump="1609244867628"/><sessioninfo id="DESKTOP-7H4SBS5-3abe960" start="1609245089805" dump="1609245096141"/><sessioninfo id="DESKTOP-7H4SBS5-374c48e" start="1609245125461" dump="1609245130519"/><sessioninfo id="DESKTOP-7H4SBS5-de6a533c" start="1609245352034" dump="1609245359052"/><sessioninfo id="DESKTOP-7H4SBS5-8cdf30a0" start="1609245604077" dump="1609245611214"/><sessioninfo id="DESKTOP-7H4SBS5-34239e70" start="1609246273775" dump="1609246280327"/><sessioninfo id="DESKTOP-7H4SBS5-2d18b3fd" start="1609247047484" dump="1609247052801"/><sessioninfo id="DESKTOP-7H4SBS5-e2105b1b" start="1609247133414" dump="1609247138541"/><sessioninfo id="DESKTOP-7H4SBS5-91959be1" start="1609247229166" dump="1609247235313"/><sessioninfo id="DESKTOP-7H4SBS5-9411cdf2" start="1609247456925" dump="1609247464048"/><sessioninfo id="DESKTOP-7H4SBS5-93010ff4" start="1609248148635" dump="1609248153933"/><sessioninfo id="DESKTOP-7H4SBS5-2616a0cd" start="1609248573281" dump="1609248578525"/><sessioninfo id="DESKTOP-7H4SBS5-ee1da7a6" start="1609248823979" dump="1609248829923"/><sessioninfo id="DESKTOP-7H4SBS5-a272fd63" start="1609249224315" dump="1609249230257"/><sessioninfo id="DESKTOP-7H4SBS5-da9f6f07" start="1609249508965" dump="1609249515808"/><sessioninfo id="DESKTOP-7H4SBS5-102ef51" start="1609249590249" dump="1609249595676"/><sessioninfo id="DESKTOP-7H4SBS5-116d485b" start="1609250041433" dump="1609250046636"/><sessioninfo id="DESKTOP-7H4SBS5-d052f949" start="1609250080392" dump="1609250085781"/><sessioninfo id="DESKTOP-7H4SBS5-ddba3560" start="1609250096621" dump="1609250102104"/><sessioninfo id="DESKTOP-7H4SBS5-c1bc1098" start="1609250898089" dump="1609250903199"/><sessioninfo id="DESKTOP-7H4SBS5-77e0d32d" start="1609251102887" dump="1609251107952"/><sessioninfo id="DESKTOP-7H4SBS5-2a5ececc" start="1609251453350" dump="1609251458815"/><sessioninfo id="DESKTOP-7H4SBS5-ff48d1ea" start="1609251532719" dump="1609251538069"/><sessioninfo id="DESKTOP-7H4SBS5-34be8757" start="1609251709405" dump="1609251714692"/><sessioninfo id="DESKTOP-7H4SBS5-fa3b005e" start="1609252560079" dump="1609252565450"/><sessioninfo id="DESKTOP-7H4SBS5-292c84a2" start="1609252586353" dump="1609252592843"/><sessioninfo id="DESKTOP-7H4SBS5-8a4c7600" start="1609252809465" dump="1609252814772"/><sessioninfo id="DESKTOP-7H4SBS5-d90fb94d" start="1609253733820" dump="1609253739161"/><sessioninfo id="DESKTOP-7H4SBS5-d7a40bec" start="1609256227065" dump="1609256232151"/><sessioninfo id="DESKTOP-7H4SBS5-69856f21" start="1609312615910" dump="1609312620857"/><sessioninfo id="DESKTOP-7H4SBS5-55d00159" start="1609328373860" dump="1609328378557"/><sessioninfo id="DESKTOP-7H4SBS5-3f682461" start="1609328676911" dump="1609328681494"/><sessioninfo id="DESKTOP-7H4SBS5-f805ba49" start="1609328850474" dump="1609328854966"/><sessioninfo id="DESKTOP-7H4SBS5-553480fb" start="1609329086544" dump="1609329091257"/><sessioninfo id="DESKTOP-7H4SBS5-493ea5a0" start="1609329120727" dump="1609329125311"/><sessioninfo id="DESKTOP-7H4SBS5-666265f8" start="1609329362383" dump="1609329367038"/><sessioninfo id="DESKTOP-7H4SBS5-5752b607" start="1609331141048" dump="1609331146458"/><sessioninfo id="DESKTOP-7H4SBS5-bed0ce25" start="1609331187156" dump="1609331192617"/><sessioninfo id="DESKTOP-7H4SBS5-8ac61a21" start="1609335038918" dump="1609335047159"/><sessioninfo id="DESKTOP-7H4SBS5-d0b2e5d6" start="1609335407785" dump="1609335413696"/><sessioninfo id="DESKTOP-7H4SBS5-6931a616" start="1609335778324" dump="1609335788494"/><sessioninfo id="DESKTOP-7H4SBS5-66f4fc7f" start="1609336355482" dump="1609336360676"/><sessioninfo id="DESKTOP-7H4SBS5-93416092" start="1609337297927" dump="1609337303812"/><sessioninfo id="DESKTOP-7H4SBS5-f634e52d" start="1609337460612" dump="1609337465952"/><sessioninfo id="DESKTOP-7H4SBS5-14dfb5e4" start="1609337666411" dump="1609337672390"/><sessioninfo id="DESKTOP-7H4SBS5-31d400ca" start="1609337822870" dump="1609337828080"/><sessioninfo id="DESKTOP-7H4SBS5-fb170713" start="1609338164331" dump="1609338171061"/><sessioninfo id="DESKTOP-7H4SBS5-76684dae" start="1609339216030" dump="1609339221807"/><sessioninfo id="DESKTOP-7H4SBS5-ad4dcebd" start="1609339576246" dump="1609339582652"/><sessioninfo id="DESKTOP-7H4SBS5-dff90a16" start="1609340062183" dump="1609340068081"/><sessioninfo id="DESKTOP-7H4SBS5-295c00eb" start="1609340365864" dump="1609340371393"/><sessioninfo id="DESKTOP-7H4SBS5-bd6f606b" start="1609340593941" dump="1609340599539"/><sessioninfo id="DESKTOP-7H4SBS5-e896b63e" start="1609340751690" dump="1609340758318"/><sessioninfo id="DESKTOP-7H4SBS5-a80cec34" start="1609340978871" dump="1609340984828"/><sessioninfo id="DESKTOP-7H4SBS5-fb0902e3" start="1609341177472" dump="1609341183364"/><sessioninfo id="DESKTOP-7H4SBS5-26ded116" start="1609341494393" dump="1609341500531"/><sessioninfo id="DESKTOP-7H4SBS5-dc621967" start="1609341662021" dump="1609341667794"/><sessioninfo id="DESKTOP-7H4SBS5-1cb9bbd3" start="1609341799545" dump="1609341805789"/><sessioninfo id="DESKTOP-7H4SBS5-dae78bab" start="1609341967962" dump="1609341974491"/><sessioninfo id="DESKTOP-7H4SBS5-1594385a" start="1609341992511" dump="1609341998395"/><sessioninfo id="DESKTOP-7H4SBS5-c6ed41e0" start="1609342283996" dump="1609342289909"/><sessioninfo id="DESKTOP-7H4SBS5-adabadfe" start="1609342682253" dump="1609342688989"/><sessioninfo id="DESKTOP-7H4SBS5-e865fb5" start="1609342795737" dump="1609342803206"/><sessioninfo id="DESKTOP-7H4SBS5-90a898ba" start="1609342835527" dump="1609342841916"/><sessioninfo id="DESKTOP-7H4SBS5-45cd414b" start="1609343257570" dump="1609343263081"/><sessioninfo id="DESKTOP-7H4SBS5-38f0bb4f" start="1609343743778" dump="1609343750693"/><sessioninfo id="DESKTOP-7H4SBS5-cf1cb735" start="1609343984571" dump="1609343990366"/><sessioninfo id="DESKTOP-7H4SBS5-65f2e5d1" start="1609344575773" dump="1609344580983"/><sessioninfo id="DESKTOP-7H4SBS5-71041a5" start="1609344866075" dump="1609344871219"/><sessioninfo id="DESKTOP-7H4SBS5-7b64c874" start="1609345832008" dump="1609345837189"/><sessioninfo id="DESKTOP-7H4SBS5-9136b34e" start="1609346041754" dump="1609346046546"/><sessioninfo id="DESKTOP-7H4SBS5-8af0bb0b" start="1609346076545" dump="1609346081437"/><sessioninfo id="DESKTOP-7H4SBS5-67d166ee" start="1609761253501" dump="1609761258566"/><package name="minecraft/teamocto/doelwitlistener"><class name="minecraft/teamocto/doelwitlistener/DoelwitScore" sourcefilename="DoelwitScore.java"><method name="&lt;init&gt;" desc="(II)V" line="10"><counter type="INSTRUCTION" missed="0" covered="9"/><counter type="LINE" missed="0" covered="4"/><counter type="COMPLEXITY" missed="0" covered="1"/><counter type="METHOD" missed="0" covered="1"/></method><method name="getScoreGreen" desc="()I" line="16"><counter type="INSTRUCTION" missed="0" covered="3"/><counter type="LINE" missed="0" covered="1"/><counter type="COMPLEXITY" missed="0" covered="1"/><counter type="METHOD" missed="0" covered="1"/></method><method name="getScoreRed" desc="()I" line="20"><counter type="INSTRUCTION" missed="0" covered="3"/><counter type="LINE" missed="0" covered="1"/><counter type="COMPLEXITY" missed="0" covered="1"/><counter type="METHOD" missed="0" covered="1"/></method><method name="addScoreRed" desc="()V" line="24"><counter type="INSTRUCTION" missed="0" covered="7"/><counter type="LINE" missed="0" covered="2"/><counter type="COMPLEXITY" missed="0" covered="1"/><counter type="METHOD" missed="0" covered="1"/></method><method name="addScoreGreen" desc="()V" line="28"><counter type="INSTRUCTION" missed="0" covered="7"/><counter type="LINE" missed="0" covered="2"/><counter type="COMPLEXITY" missed="0" covered="1"/><counter type="METHOD" missed="0" covered="1"/></method><method name="resetScore" desc="()V" line="33"><counter type="INSTRUCTION" missed="0" covered="7"/><counter type="LINE" missed="0" covered="3"/><counter type="COMPLEXITY" missed="0" covered="1"/><counter type="METHOD" missed="0" covered="1"/></method><method name="checkWin" desc="()V" line="38"><counter type="INSTRUCTION" missed="34" covered="0"/><counter type="BRANCH" missed="8" covered="0"/><counter type="LINE" missed="12" covered="0"/><counter type="COMPLEXITY" missed="5" covered="0"/><counter type="METHOD" missed="1" covered="0"/></method><method name="blocksLeftRed" desc="()Ljava/lang/String;" line="53"><counter type="INSTRUCTION" missed="8" covered="0"/><counter type="LINE" missed="2" covered="0"/><counter type="COMPLEXITY" missed="1" covered="0"/><counter type="METHOD" missed="1" covered="0"/></method><method name="blocksLeftGreen" desc="()Ljava/lang/String;" line="57"><counter type="INSTRUCTION" missed="8" covered="0"/><counter type="LINE" missed="2" covered="0"/><counter type="COMPLEXITY" missed="1" covered="0"/><counter type="METHOD" missed="1" covered="0"/></method><counter type="INSTRUCTION" missed="50" covered="36"/><counter type="BRANCH" missed="8" covered="0"/><counter type="LINE" missed="16" covered="13"/><counter type="COMPLEXITY" missed="7" covered="6"/><counter type="METHOD" missed="3" covered="6"/><counter type="CLASS" missed="0" covered="1"/></class><class name="minecraft/teamocto/doelwitlistener/BlocksLeft" sourcefilename="BlocksLeft.java"><method name="&lt;init&gt;" desc="(Lminecraft/teamocto/DefensePlugin;)V" line="14"><counter type="INSTRUCTION" missed="0" covered="6"/><counter type="LINE" missed="0" covered="3"/><counter type="COMPLEXITY" missed="0" covered="1"/><counter type="METHOD" missed="0" covered="1"/></method><method name="onCommand" desc="(Lorg/bukkit/command/CommandSender;Lorg/bukkit/command/Command;Ljava/lang/String;[Ljava/lang/String;)Z" line="20"><counter type="INSTRUCTION" missed="45" covered="0"/><counter type="BRANCH" missed="2" covered="0"/><counter type="LINE" missed="8" covered="0"/><counter type="COMPLEXITY" missed="2" covered="0"/><counter type="METHOD" missed="1" covered="0"/></method><counter type="INSTRUCTION" missed="45" covered="6"/><counter type="BRANCH" missed="2" covered="0"/><counter type="LINE" missed="8" covered="3"/><counter type="COMPLEXITY" missed="2" covered="1"/><counter type="METHOD" missed="1" covered="1"/><counter type="CLASS" missed="0" covered="1"/></class><class name="minecraft/teamocto/doelwitlistener/ResetScore" sourcefilename="ResetScore.java"><method name="&lt;init&gt;" desc="(Lminecraft/teamocto/DefensePlugin;)V" line="14"><counter type="INSTRUCTION" missed="0" covered="6"/><counter type="LINE" missed="0" covered="3"/><counter type="COMPLEXITY" missed="0" covered="1"/><counter type="METHOD" missed="0" covered="1"/></method><method name="onCommand" desc="(Lorg/bukkit/command/CommandSender;Lorg/bukkit/command/Command;Ljava/lang/String;[Ljava/lang/String;)Z" line="20"><counter type="INSTRUCTION" missed="20" covered="0"/><counter type="BRANCH" missed="2" covered="0"/><counter type="LINE" missed="6" covered="0"/><counter type="COMPLEXITY" missed="2" covered="0"/><counter type="METHOD" missed="1" covered="0"/></method><counter type="INSTRUCTION" missed="20" covered="6"/><counter type="BRANCH" missed="2" covered="0"/><counter type="LINE" missed="6" covered="3"/><counter type="COMPLEXITY" missed="2" covered="1"/><counter type="METHOD" missed="1" covered="1"/><counter type="CLASS" missed="0" covered="1"/></class><class name="minecraft/teamocto/doelwitlistener/DoelwitListener" sourcefilename="DoelwitListener.java"><method name="&lt;init&gt;" desc="(Lminecraft/teamocto/DefensePlugin;)V" line="17"><counter type="INSTRUCTION" missed="0" covered="6"/><counter type="LINE" missed="0" covered="3"/><counter type="COMPLEXITY" missed="0" covered="1"/><counter type="METHOD" missed="0" covered="1"/></method><method name="onBlockBreak" desc="(Lorg/bukkit/event/block/BlockBreakEvent;)V" line="24"><counter type="INSTRUCTION" missed="49" covered="0"/><counter type="BRANCH" missed="4" covered="0"/><counter type="LINE" missed="8" covered="0"/><counter type="COMPLEXITY" missed="3" covered="0"/><counter type="METHOD" missed="1" covered="0"/></method><method name="onBlocktnt" desc="(Lorg/bukkit/event/entity/EntityExplodeEvent;)V" line="37"><counter type="INSTRUCTION" missed="59" covered="0"/><counter type="BRANCH" missed="6" covered="0"/><counter type="LINE" missed="9" covered="0"/><counter type="COMPLEXITY" missed="4" covered="0"/><counter type="METHOD" missed="1" covered="0"/></method><counter type="INSTRUCTION" missed="108" covered="6"/><counter type="BRANCH" missed="10" covered="0"/><counter type="LINE" missed="17" covered="3"/><counter type="COMPLEXITY" missed="7" covered="1"/><counter type="METHOD" missed="2" covered="1"/><counter type="CLASS" missed="0" covered="1"/></class><sourcefile name="DoelwitListener.java"><line nr="17" mi="0" ci="2" mb="0" cb="0"/><line nr="19" mi="0" ci="3" mb="0" cb="0"/><line nr="20" mi="0" ci="1" mb="0" cb="0"/><line nr="24" mi="5" ci="0" mb="2" cb="0"/><line nr="25" mi="4" ci="0" mb="0" cb="0"/><line nr="26" mi="13" ci="0" mb="0" cb="0"/><line nr="28" mi="5" ci="0" mb="2" cb="0"/><line nr="29" mi="4" ci="0" mb="0" cb="0"/><line nr="30" mi="13" ci="0" mb="0" cb="0"/><line nr="32" mi="4" ci="0" mb="0" cb="0"/><line nr="33" mi="1" ci="0" mb="0" cb="0"/><line nr="37" mi="12" ci="0" mb="2" cb="0"/><line nr="38" mi="4" ci="0" mb="2" cb="0"/><line nr="39" mi="4" ci="0" mb="0" cb="0"/><line nr="40" mi="13" ci="0" mb="0" cb="0"/><line nr="43" mi="4" ci="0" mb="2" cb="0"/><line nr="44" mi="4" ci="0" mb="0" cb="0"/><line nr="45" mi="13" ci="0" mb="0" cb="0"/><line nr="48" mi="4" ci="0" mb="0" cb="0"/><line nr="50" mi="1" ci="0" mb="0" cb="0"/><counter type="INSTRUCTION" missed="108" covered="6"/><counter type="BRANCH" missed="10" covered="0"/><counter type="LINE" missed="17" covered="3"/><counter type="COMPLEXITY" missed="7" covered="1"/><counter type="METHOD" missed="2" covered="1"/><counter type="CLASS" missed="0" covered="1"/></sourcefile><sourcefile name="DoelwitScore.java"><line nr="10" mi="0" ci="2" mb="0" cb="0"/><line nr="11" mi="0" ci="3" mb="0" cb="0"/><line nr="12" mi="0" ci="3" mb="0" cb="0"/><line nr="13" mi="0" ci="1" mb="0" cb="0"/><line nr="16" mi="0" ci="3" mb="0" cb="0"/><line nr="20" mi="0" ci="3" mb="0" cb="0"/><line nr="24" mi="0" ci="6" mb="0" cb="0"/><line nr="26" mi="0" ci="1" mb="0" cb="0"/><line nr="28" mi="0" ci="6" mb="0" cb="0"/><line nr="30" mi="0" ci="1" mb="0" cb="0"/><line nr="33" mi="0" ci="3" mb="0" cb="0"/><line nr="34" mi="0" ci="3" mb="0" cb="0"/><line nr="35" mi="0" ci="1" mb="0" cb="0"/><line nr="38" mi="8" ci="0" mb="4" cb="0"/><line nr="39" mi="3" ci="0" mb="0" cb="0"/><line nr="40" mi="2" ci="0" mb="0" cb="0"/><line nr="41" mi="1" ci="0" mb="0" cb="0"/><line nr="42" mi="4" ci="0" mb="2" cb="0"/><line nr="43" mi="3" ci="0" mb="0" cb="0"/><line nr="44" mi="2" ci="0" mb="0" cb="0"/><line nr="45" mi="1" ci="0" mb="0" cb="0"/><line nr="46" mi="4" ci="0" mb="2" cb="0"/><line nr="47" mi="3" ci="0" mb="0" cb="0"/><line nr="48" mi="2" ci="0" mb="0" cb="0"/><line nr="51" mi="1" ci="0" mb="0" cb="0"/><line nr="53" mi="5" ci="0" mb="0" cb="0"/><line nr="54" mi="3" ci="0" mb="0" cb="0"/><line nr="57" mi="5" ci="0" mb="0" cb="0"/><line nr="58" mi="3" ci="0" mb="0" cb="0"/><counter type="INSTRUCTION" missed="50" covered="36"/><counter type="BRANCH" missed="8" covered="0"/><counter type="LINE" missed="16" covered="13"/><counter type="COMPLEXITY" missed="7" covered="6"/><counter type="METHOD" missed="3" covered="6"/><counter type="CLASS" missed="0" covered="1"/></sourcefile><sourcefile name="BlocksLeft.java"><line nr="14" mi="0" ci="2" mb="0" cb="0"/><line nr="15" mi="0" ci="3" mb="0" cb="0"/><line nr="16" mi="0" ci="1" mb="0" cb="0"/><line nr="20" mi="3" ci="0" mb="0" cb="0"/><line nr="22" mi="6" ci="0" mb="2" cb="0"/><line nr="24" mi="5" ci="0" mb="0" cb="0"/><line nr="25" mi="5" ci="0" mb="0" cb="0"/><line nr="26" mi="11" ci="0" mb="0" cb="0"/><line nr="27" mi="11" ci="0" mb="0" cb="0"/><line nr="28" mi="2" ci="0" mb="0" cb="0"/><line nr="31" mi="2" ci="0" mb="0" cb="0"/><counter type="INSTRUCTION" missed="45" covered="6"/><counter type="BRANCH" missed="2" covered="0"/><counter type="LINE" missed="8" covered="3"/><counter type="COMPLEXITY" missed="2" covered="1"/><counter type="METHOD" missed="1" covered="1"/><counter type="CLASS" missed="0" covered="1"/></sourcefile><sourcefile name="ResetScore.java"><line nr="14" mi="0" ci="2" mb="0" cb="0"/><line nr="15" mi="0" ci="3" mb="0" cb="0"/><line nr="16" mi="0" ci="1" mb="0" cb="0"/><line nr="20" mi="3" ci="0" mb="0" cb="0"/><line nr="22" mi="6" ci="0" mb="2" cb="0"/><line nr="24" mi="3" ci="0" mb="0" cb="0"/><line nr="25" mi="4" ci="0" mb="0" cb="0"/><line nr="26" mi="2" ci="0" mb="0" cb="0"/><line nr="29" mi="2" ci="0" mb="0" cb="0"/><counter type="INSTRUCTION" missed="20" covered="6"/><counter type="BRANCH" missed="2" covered="0"/><counter type="LINE" missed="6" covered="3"/><counter type="COMPLEXITY" missed="2" covered="1"/><counter type="METHOD" missed="1" covered="1"/><counter type="CLASS" missed="0" covered="1"/></sourcefile><counter type="INSTRUCTION" missed="223" covered="54"/><counter type="BRANCH" missed="22" covered="0"/><counter type="LINE" missed="47" covered="22"/><counter type="COMPLEXITY" missed="18" covered="9"/><counter type="METHOD" missed="7" covered="9"/><counter type="CLASS" missed="0" covered="4"/></package><package name="minecraft/teamocto/builders"><class name="minecraft/teamocto/builders/WallBuilder" sourcefilename="WallBuilder.java"><method name="&lt;init&gt;" desc="(Lminecraft/teamocto/DefensePlugin;)V" line="12"><counter type="INSTRUCTION" missed="0" covered="5"/><counter type="LINE" missed="0" covered="2"/><counter type="COMPLEXITY" missed="0" covered="1"/><counter type="METHOD" missed="0" covered="1"/></method><method name="build" desc="(Lorg/bukkit/event/player/PlayerInteractEvent;)V" line="18"><counter type="INSTRUCTION" missed="6" covered="0"/><counter type="LINE" missed="2" covered="0"/><counter type="COMPLEXITY" missed="1" covered="0"/><counter type="METHOD" missed="1" covered="0"/></method><counter type="INSTRUCTION" missed="6" covered="5"/><counter type="LINE" missed="2" covered="2"/><counter type="COMPLEXITY" missed="1" covered="1"/><counter type="METHOD" missed="1" covered="1"/><counter type="CLASS" missed="0" covered="1"/></class><class name="minecraft/teamocto/builders/Builder" sourcefilename="Builder.java"><method name="&lt;init&gt;" desc="(Lminecraft/teamocto/DefensePlugin;Lorg/bukkit/Material;)V" line="30"><counter type="INSTRUCTION" missed="0" covered="9"/><counter type="LINE" missed="0" covered="4"/><counter type="COMPLEXITY" missed="0" covered="1"/><counter type="METHOD" missed="0" covered="1"/></method><method name="onRightClick" desc="(Lorg/bukkit/event/player/PlayerInteractEvent;)V" line="40"><counter type="INSTRUCTION" missed="39" covered="0"/><counter type="BRANCH" missed="10" covered="0"/><counter type="LINE" missed="8" covered="0"/><counter type="COMPLEXITY" missed="6" covered="0"/><counter type="METHOD" missed="1" covered="0"/></method><method name="onBlockBreak" desc="(Lorg/bukkit/event/block/BlockBreakEvent;)V" line="57"><counter type="INSTRUCTION" missed="14" covered="0"/><counter type="BRANCH" missed="2" covered="0"/><counter type="LINE" missed="4" covered="0"/><counter type="COMPLEXITY" missed="2" covered="0"/><counter type="METHOD" missed="1" covered="0"/></method><counter type="INSTRUCTION" missed="53" covered="9"/><counter type="BRANCH" missed="12" covered="0"/><counter type="LINE" missed="12" covered="4"/><counter type="COMPLEXITY" missed="8" covered="1"/><counter type="METHOD" missed="2" covered="1"/><counter type="CLASS" missed="0" covered="1"/></class><class name="minecraft/teamocto/builders/ShieldBuilder" sourcefilename="ShieldBuilder.java"><method name="&lt;init&gt;" desc="(Lminecraft/teamocto/DefensePlugin;)V" line="10"><counter type="INSTRUCTION" missed="0" covered="8"/><counter type="LINE" missed="0" covered="3"/><counter type="COMPLEXITY" missed="0" covered="1"/><counter type="METHOD" missed="0" covered="1"/></method><method name="build" desc="(Lorg/bukkit/event/player/PlayerInteractEvent;)V" line="19"><counter type="INSTRUCTION" missed="8" covered="0"/><counter type="LINE" missed="2" covered="0"/><counter type="COMPLEXITY" missed="1" covered="0"/><counter type="METHOD" missed="1" covered="0"/></method><counter type="INSTRUCTION" missed="8" covered="8"/><counter type="LINE" missed="2" covered="3"/><counter type="COMPLEXITY" missed="1" covered="1"/><counter type="METHOD" missed="1" covered="1"/><counter type="CLASS" missed="0" covered="1"/></class><sourcefile name="Builder.java"><line nr="30" mi="0" ci="2" mb="0" cb="0"/><line nr="31" mi="0" ci="3" mb="0" cb="0"/><line nr="32" mi="0" ci="3" mb="0" cb="0"/><line nr="33" mi="0" ci="1" mb="0" cb="0"/><line nr="40" mi="3" ci="0" mb="0" cb="0"/><line nr="43" mi="8" ci="0" mb="4" cb="0"/><line nr="44" mi="11" ci="0" mb="4" cb="0"/><line nr="45" mi="5" ci="0" mb="2" cb="0"/><line nr="48" mi="3" ci="0" mb="0" cb="0"/><line nr="50" mi="5" ci="0" mb="0" cb="0"/><line nr="51" mi="3" ci="0" mb="0" cb="0"/><line nr="54" mi="1" ci="0" mb="0" cb="0"/><line nr="57" mi="3" ci="0" mb="0" cb="0"/><line nr="59" mi="7" ci="0" mb="2" cb="0"/><line nr="60" mi="3" ci="0" mb="0" cb="0"/><line nr="62" mi="1" ci="0" mb="0" cb="0"/><counter type="INSTRUCTION" missed="53" covered="9"/><counter type="BRANCH" missed="12" covered="0"/><counter type="LINE" missed="12" covered="4"/><counter type="COMPLEXITY" missed="8" covered="1"/><counter type="METHOD" missed="2" covered="1"/><counter type="CLASS" missed="0" covered="1"/></sourcefile><sourcefile name="WallBuilder.java"><line nr="12" mi="0" ci="4" mb="0" cb="0"/><line nr="13" mi="0" ci="1" mb="0" cb="0"/><line nr="18" mi="5" ci="0" mb="0" cb="0"/><line nr="19" mi="1" ci="0" mb="0" cb="0"/><counter type="INSTRUCTION" missed="6" covered="5"/><counter type="LINE" missed="2" covered="2"/><counter type="COMPLEXITY" missed="1" covered="1"/><counter type="METHOD" missed="1" covered="1"/><counter type="CLASS" missed="0" covered="1"/></sourcefile><sourcefile name="ShieldBuilder.java"><line nr="10" mi="0" ci="3" mb="0" cb="0"/><line nr="13" mi="0" ci="4" mb="0" cb="0"/><line nr="14" mi="0" ci="1" mb="0" cb="0"/><line nr="19" mi="7" ci="0" mb="0" cb="0"/><line nr="20" mi="1" ci="0" mb="0" cb="0"/><counter type="INSTRUCTION" missed="8" covered="8"/><counter type="LINE" missed="2" covered="3"/><counter type="COMPLEXITY" missed="1" covered="1"/><counter type="METHOD" missed="1" covered="1"/><counter type="CLASS" missed="0" covered="1"/></sourcefile><counter type="INSTRUCTION" missed="67" covered="22"/><counter type="BRANCH" missed="12" covered="0"/><counter type="LINE" missed="16" covered="9"/><counter type="COMPLEXITY" missed="10" covered="3"/><counter type="METHOD" missed="4" covered="3"/><counter type="CLASS" missed="0" covered="3"/></package><package name="minecraft/teamocto/models"><class name="minecraft/teamocto/models/ShieldModel" sourcefilename="ShieldModel.java"><method name="&lt;init&gt;" desc="(Lorg/bukkit/entity/Player;)V" line="16"><counter type="INSTRUCTION" missed="0" covered="11"/><counter type="LINE" missed="0" covered="4"/><counter type="COMPLEXITY" missed="0" covered="1"/><counter type="METHOD" missed="0" covered="1"/></method><method name="&lt;init&gt;" desc="(Lorg/bukkit/entity/Player;Ljava/util/List;)V" line="20"><counter type="INSTRUCTION" missed="9" covered="0"/><counter type="LINE" missed="4" covered="0"/><counter type="COMPLEXITY" missed="1" covered="0"/><counter type="METHOD" missed="1" covered="0"/></method><method name="addBlockLocation" desc="(Lorg/bukkit/Location;)V" line="25"><counter type="INSTRUCTION" missed="0" covered="6"/><counter type="LINE" missed="0" covered="2"/><counter type="COMPLEXITY" missed="0" covered="1"/><counter type="METHOD" missed="0" covered="1"/></method><method name="getOwner" desc="()Lorg/bukkit/entity/Player;" line="28"><counter type="INSTRUCTION" missed="3" covered="0"/><counter type="LINE" missed="1" covered="0"/><counter type="COMPLEXITY" missed="1" covered="0"/><counter type="METHOD" missed="1" covered="0"/></method><method name="getBlockLocations" desc="()Ljava/util/List;" line="31"><counter type="INSTRUCTION" missed="3" covered="0"/><counter type="LINE" missed="1" covered="0"/><counter type="COMPLEXITY" missed="1" covered="0"/><counter type="METHOD" missed="1" covered="0"/></method><method name="hasLocation" desc="(Lorg/bukkit/Location;)Ljava/lang/Boolean;" line="34"><counter type="INSTRUCTION" missed="18" covered="0"/><counter type="BRANCH" missed="2" covered="0"/><counter type="LINE" missed="2" covered="0"/><counter type="COMPLEXITY" missed="2" covered="0"/><counter type="METHOD" missed="1" covered="0"/></method><method name="breakShield" desc="()V" line="38"><counter type="INSTRUCTION" missed="23" covered="0"/><counter type="BRANCH" missed="4" covered="0"/><counter type="LINE" missed="4" covered="0"/><counter type="COMPLEXITY" missed="3" covered="0"/><counter type="METHOD" missed="1" covered="0"/></method><method name="lambda$0" desc="(Lorg/bukkit/Location;Lorg/bukkit/Location;)Z" line="34"><counter type="INSTRUCTION" missed="22" covered="0"/><counter type="BRANCH" missed="6" covered="0"/><counter type="LINE" missed="1" covered="0"/><counter type="COMPLEXITY" missed="4" covered="0"/><counter type="METHOD" missed="1" covered="0"/></method><counter type="INSTRUCTION" missed="78" covered="17"/><counter type="BRANCH" missed="12" covered="0"/><counter type="LINE" missed="12" covered="6"/><counter type="COMPLEXITY" missed="12" covered="2"/><counter type="METHOD" missed="6" covered="2"/><counter type="CLASS" missed="0" covered="1"/></class><sourcefile name="ShieldModel.java"><line nr="16" mi="0" ci="2" mb="0" cb="0"/><line nr="17" mi="0" ci="3" mb="0" cb="0"/><line nr="18" mi="0" ci="5" mb="0" cb="0"/><line nr="19" mi="0" ci="1" mb="0" cb="0"/><line nr="20" mi="2" ci="0" mb="0" cb="0"/><line nr="21" mi="3" ci="0" mb="0" cb="0"/><line nr="22" mi="3" ci="0" mb="0" cb="0"/><line nr="23" mi="1" ci="0" mb="0" cb="0"/><line nr="25" mi="0" ci="5" mb="0" cb="0"/><line nr="26" mi="0" ci="1" mb="0" cb="0"/><line nr="28" mi="3" ci="0" mb="0" cb="0"/><line nr="31" mi="3" ci="0" mb="0" cb="0"/><line nr="34" mi="33" ci="0" mb="6" cb="0"/><line nr="35" mi="7" ci="0" mb="2" cb="0"/><line nr="38" mi="12" ci="0" mb="2" cb="0"/><line nr="39" mi="3" ci="0" mb="0" cb="0"/><line nr="40" mi="7" ci="0" mb="2" cb="0"/><line nr="42" mi="1" ci="0" mb="0" cb="0"/><counter type="INSTRUCTION" missed="78" covered="17"/><counter type="BRANCH" missed="12" covered="0"/><counter type="LINE" missed="12" covered="6"/><counter type="COMPLEXITY" missed="12" covered="2"/><counter type="METHOD" missed="6" covered="2"/><counter type="CLASS" missed="0" covered="1"/></sourcefile><counter type="INSTRUCTION" missed="78" covered="17"/><counter type="BRANCH" missed="12" covered="0"/><counter type="LINE" missed="12" covered="6"/><counter type="COMPLEXITY" missed="12" covered="2"/><counter type="METHOD" missed="6" covered="2"/><counter type="CLASS" missed="0" covered="1"/></package><package name="minecraft/teamocto/noblockdrop"><class name="minecraft/teamocto/noblockdrop/NoBlockDrop" sourcefilename="NoBlockDrop.java"><method name="&lt;init&gt;" desc="(Lminecraft/teamocto/DefensePlugin;)V" line="17"><counter type="INSTRUCTION" missed="0" covered="6"/><counter type="LINE" missed="0" covered="3"/><counter type="COMPLEXITY" missed="0" covered="1"/><counter type="METHOD" missed="0" covered="1"/></method><method name="onBreak" desc="(Lorg/bukkit/event/block/BlockBreakEvent;)V" line="24"><counter type="INSTRUCTION" missed="24" covered="0"/><counter type="BRANCH" missed="8" covered="0"/><counter type="LINE" missed="4" covered="0"/><counter type="COMPLEXITY" missed="5" covered="0"/><counter type="METHOD" missed="1" covered="0"/></method><method name="onExplodeBlock" desc="(Lorg/bukkit/event/entity/EntityExplodeEvent;)V" line="34"><counter type="INSTRUCTION" missed="32" covered="0"/><counter type="BRANCH" missed="10" covered="0"/><counter type="LINE" missed="5" covered="0"/><counter type="COMPLEXITY" missed="6" covered="0"/><counter type="METHOD" missed="1" covered="0"/></method><counter type="INSTRUCTION" missed="56" covered="6"/><counter type="BRANCH" missed="18" covered="0"/><counter type="LINE" missed="9" covered="3"/><counter type="COMPLEXITY" missed="11" covered="1"/><counter type="METHOD" missed="2" covered="1"/><counter type="CLASS" missed="0" covered="1"/></class><sourcefile name="NoBlockDrop.java"><line nr="17" mi="0" ci="2" mb="0" cb="0"/><line nr="18" mi="0" ci="3" mb="0" cb="0"/><line nr="19" mi="0" ci="1" mb="0" cb="0"/><line nr="24" mi="10" ci="0" mb="4" cb="0"/><line nr="25" mi="10" ci="0" mb="4" cb="0"/><line nr="26" mi="3" ci="0" mb="0" cb="0"/><line nr="29" mi="1" ci="0" mb="0" cb="0"/><line nr="34" mi="12" ci="0" mb="2" cb="0"/><line nr="35" mi="8" ci="0" mb="4" cb="0"/><line nr="36" mi="8" ci="0" mb="4" cb="0"/><line nr="38" mi="3" ci="0" mb="0" cb="0"/><line nr="41" mi="1" ci="0" mb="0" cb="0"/><counter type="INSTRUCTION" missed="56" covered="6"/><counter type="BRANCH" missed="18" covered="0"/><counter type="LINE" missed="9" covered="3"/><counter type="COMPLEXITY" missed="11" covered="1"/><counter type="METHOD" missed="2" covered="1"/><counter type="CLASS" missed="0" covered="1"/></sourcefile><counter type="INSTRUCTION" missed="56" covered="6"/><counter type="BRANCH" missed="18" covered="0"/><counter type="LINE" missed="9" covered="3"/><counter type="COMPLEXITY" missed="11" covered="1"/><counter type="METHOD" missed="2" covered="1"/><counter type="CLASS" missed="0" covered="1"/></package><package name="minecraft/teamocto/muurbouwen"><class name="minecraft/teamocto/muurbouwen/Wall" sourcefilename="Wall.java"><method name="&lt;init&gt;" desc="()V" line="17"><counter type="INSTRUCTION" missed="0" covered="3"/><counter type="LINE" missed="0" covered="2"/><counter type="COMPLEXITY" missed="0" covered="1"/><counter type="METHOD" missed="0" covered="1"/></method><method name="BuildWall" desc="(Lorg/bukkit/event/player/PlayerInteractEvent;)V" line="22"><counter type="INSTRUCTION" missed="89" covered="0"/><counter type="BRANCH" missed="4" covered="0"/><counter type="LINE" missed="18" covered="0"/><counter type="COMPLEXITY" missed="3" covered="0"/><counter type="METHOD" missed="1" covered="0"/></method><method name="removeItems" desc="(Lorg/bukkit/inventory/Inventory;Lorg/bukkit/Material;I)V" line="53"><counter type="INSTRUCTION" missed="6" covered="39"/><counter type="BRANCH" missed="5" covered="7"/><counter type="LINE" missed="2" covered="12"/><counter type="COMPLEXITY" missed="5" covered="2"/><counter type="METHOD" missed="0" covered="1"/></method><method name="CreateBlockForWall" desc="(Lorg/bukkit/Location;IILorg/bukkit/Material;Ljava/lang/String;)V" line="74"><counter type="INSTRUCTION" missed="61" covered="0"/><counter type="BRANCH" missed="12" covered="0"/><counter type="LINE" missed="13" covered="0"/><counter type="COMPLEXITY" missed="7" covered="0"/><counter type="METHOD" missed="1" covered="0"/></method><method name="getDirection" desc="(Lorg/bukkit/entity/Player;)Ljava/lang/String;" line="98"><counter type="INSTRUCTION" missed="42" covered="0"/><counter type="BRANCH" missed="12" covered="0"/><counter type="LINE" missed="12" covered="0"/><counter type="COMPLEXITY" missed="7" covered="0"/><counter type="METHOD" missed="1" covered="0"/></method><counter type="INSTRUCTION" missed="198" covered="42"/><counter type="BRANCH" missed="33" covered="7"/><counter type="LINE" missed="45" covered="14"/><counter type="COMPLEXITY" missed="22" covered="3"/><counter type="METHOD" missed="3" covered="2"/><counter type="CLASS" missed="0" covered="1"/></class><sourcefile name="Wall.java"><line nr="17" mi="0" ci="2" mb="0" cb="0"/><line nr="18" mi="0" ci="1" mb="0" cb="0"/><line nr="22" mi="3" ci="0" mb="0" cb="0"/><line nr="25" mi="7" ci="0" mb="2" cb="0"/><line nr="27" mi="6" ci="0" mb="2" cb="0"/><line nr="29" mi="6" ci="0" mb="0" cb="0"/><line nr="31" mi="3" ci="0" mb="0" cb="0"/><line nr="34" mi="6" ci="0" mb="0" cb="0"/><line nr="35" mi="6" ci="0" mb="0" cb="0"/><line nr="36" mi="6" ci="0" mb="0" cb="0"/><line nr="38" mi="6" ci="0" mb="0" cb="0"/><line nr="39" mi="6" ci="0" mb="0" cb="0"/><line nr="40" mi="6" ci="0" mb="0" cb="0"/><line nr="42" mi="6" ci="0" mb="0" cb="0"/><line nr="43" mi="6" ci="0" mb="0" cb="0"/><line nr="44" mi="6" ci="0" mb="0" cb="0"/><line nr="45" mi="5" ci="0" mb="0" cb="0"/><line nr="46" mi="1" ci="0" mb="0" cb="0"/><line nr="48" mi="3" ci="0" mb="0" cb="0"/><line nr="51" mi="1" ci="0" mb="0" cb="0"/><line nr="53" mi="1" ci="2" mb="1" cb="1"/><line nr="54" mi="0" ci="3" mb="0" cb="0"/><line nr="55" mi="0" ci="7" mb="1" cb="1"/><line nr="56" mi="0" ci="4" mb="0" cb="0"/><line nr="57" mi="1" ci="2" mb="1" cb="1"/><line nr="58" mi="0" ci="4" mb="0" cb="2"/><line nr="59" mi="0" ci="5" mb="0" cb="0"/><line nr="60" mi="0" ci="2" mb="1" cb="1"/><line nr="61" mi="3" ci="0" mb="0" cb="0"/><line nr="62" mi="1" ci="0" mb="0" cb="0"/><line nr="64" mi="0" ci="3" mb="0" cb="0"/><line nr="65" mi="0" ci="3" mb="0" cb="0"/><line nr="66" mi="0" ci="3" mb="1" cb="1"/><line nr="70" mi="0" ci="1" mb="0" cb="0"/><line nr="74" mi="6" ci="0" mb="4" cb="0"/><line nr="76" mi="7" ci="0" mb="0" cb="0"/><line nr="77" mi="7" ci="0" mb="0" cb="0"/><line nr="78" mi="3" ci="0" mb="0" cb="0"/><line nr="79" mi="4" ci="0" mb="2" cb="0"/><line nr="81" mi="3" ci="0" mb="0" cb="0"/><line nr="84" mi="6" ci="0" mb="4" cb="0"/><line nr="86" mi="7" ci="0" mb="0" cb="0"/><line nr="87" mi="7" ci="0" mb="0" cb="0"/><line nr="88" mi="3" ci="0" mb="0" cb="0"/><line nr="89" mi="4" ci="0" mb="2" cb="0"/><line nr="91" mi="3" ci="0" mb="0" cb="0"/><line nr="94" mi="1" ci="0" mb="0" cb="0"/><line nr="98" mi="4" ci="0" mb="0" cb="0"/><line nr="100" mi="4" ci="0" mb="2" cb="0"/><line nr="101" mi="4" ci="0" mb="0" cb="0"/><line nr="104" mi="8" ci="0" mb="4" cb="0"/><line nr="105" mi="2" ci="0" mb="0" cb="0"/><line nr="106" mi="4" ci="0" mb="2" cb="0"/><line nr="107" mi="2" ci="0" mb="0" cb="0"/><line nr="108" mi="4" ci="0" mb="2" cb="0"/><line nr="109" mi="2" ci="0" mb="0" cb="0"/><line nr="110" mi="4" ci="0" mb="2" cb="0"/><line nr="111" mi="2" ci="0" mb="0" cb="0"/><line nr="113" mi="2" ci="0" mb="0" cb="0"/><counter type="INSTRUCTION" missed="198" covered="42"/><counter type="BRANCH" missed="33" covered="7"/><counter type="LINE" missed="45" covered="14"/><counter type="COMPLEXITY" missed="22" covered="3"/><counter type="METHOD" missed="3" covered="2"/><counter type="CLASS" missed="0" covered="1"/></sourcefile><counter type="INSTRUCTION" missed="198" covered="42"/><counter type="BRANCH" missed="33" covered="7"/><counter type="LINE" missed="45" covered="14"/><counter type="COMPLEXITY" missed="22" covered="3"/><counter type="METHOD" missed="3" covered="2"/><counter type="CLASS" missed="0" covered="1"/></package><package name="minecraft/teamocto"><class name="minecraft/teamocto/Shield" sourcefilename="Shield.java"><method name="&lt;init&gt;" desc="()V" line="25"><counter type="INSTRUCTION" missed="0" covered="11"/><counter type="LINE" missed="0" covered="4"/><counter type="COMPLEXITY" missed="0" covered="1"/><counter type="METHOD" missed="0" covered="1"/></method><method name="buildShield" desc="(Lorg/bukkit/event/player/PlayerInteractEvent;I)V" line="37"><counter type="INSTRUCTION" missed="36" covered="36"/><counter type="BRANCH" missed="4" covered="2"/><counter type="LINE" missed="7" covered="9"/><counter type="COMPLEXITY" missed="3" covered="1"/><counter type="METHOD" missed="0" covered="1"/></method><method name="createShieldBlocks" desc="(Lorg/bukkit/entity/Player;)V" line="61"><counter type="INSTRUCTION" missed="83" covered="0"/><counter type="BRANCH" missed="6" covered="0"/><counter type="LINE" missed="13" covered="0"/><counter type="COMPLEXITY" missed="4" covered="0"/><counter type="METHOD" missed="1" covered="0"/></method><method name="changeBlock" desc="(Lorg/bukkit/Location;Lminecraft/teamocto/models/ShieldModel;)V" line="80"><counter type="INSTRUCTION" missed="18" covered="0"/><counter type="BRANCH" missed="2" covered="0"/><counter type="LINE" missed="6" covered="0"/><counter type="COMPLEXITY" missed="2" covered="0"/><counter type="METHOD" missed="1" covered="0"/></method><method name="removeItem" desc="()V" line="95"><counter type="INSTRUCTION" missed="39" covered="0"/><counter type="BRANCH" missed="6" covered="0"/><counter type="LINE" missed="11" covered="0"/><counter type="COMPLEXITY" missed="4" covered="0"/><counter type="METHOD" missed="1" covered="0"/></method><method name="onBlockBreak" desc="(Lorg/bukkit/event/block/BlockBreakEvent;)V" line="113"><counter type="INSTRUCTION" missed="45" covered="0"/><counter type="BRANCH" missed="8" covered="0"/><counter type="LINE" missed="11" covered="0"/><counter type="COMPLEXITY" missed="5" covered="0"/><counter type="METHOD" missed="1" covered="0"/></method><method name="getType" desc="()Lorg/bukkit/Material;" line="130"><counter type="INSTRUCTION" missed="0" covered="3"/><counter type="LINE" missed="0" covered="1"/><counter type="COMPLEXITY" missed="0" covered="1"/><counter type="METHOD" missed="0" covered="1"/></method><method name="getLocation" desc="()Lorg/bukkit/Location;" line="134"><counter type="INSTRUCTION" missed="0" covered="3"/><counter type="LINE" missed="0" covered="1"/><counter type="COMPLEXITY" missed="0" covered="1"/><counter type="METHOD" missed="0" covered="1"/></method><counter type="INSTRUCTION" missed="221" covered="53"/><counter type="BRANCH" missed="26" covered="2"/><counter type="LINE" missed="48" covered="15"/><counter type="COMPLEXITY" missed="18" covered="4"/><counter type="METHOD" missed="4" covered="4"/><counter type="CLASS" missed="0" covered="1"/></class><class name="minecraft/teamocto/DefensePlugin" sourcefilename="DefensePlugin.java"><method name="&lt;init&gt;" desc="()V" line="34"><counter type="INSTRUCTION" missed="3" covered="0"/><counter type="LINE" missed="2" covered="0"/><counter type="COMPLEXITY" missed="1" covered="0"/><counter type="METHOD" missed="1" covered="0"/></method><method name="&lt;init&gt;" desc="(Lorg/bukkit/plugin/java/JavaPluginLoader;Lorg/bukkit/plugin/PluginDescriptionFile;Ljava/io/File;Ljava/io/File;)V" line="40"><counter type="INSTRUCTION" missed="0" covered="7"/><counter type="LINE" missed="0" covered="2"/><counter type="COMPLEXITY" missed="0" covered="1"/><counter type="METHOD" missed="0" covered="1"/></method><method name="onLoad" desc="()V" line="45"><counter type="INSTRUCTION" missed="0" covered="61"/><counter type="LINE" missed="0" covered="12"/><counter type="COMPLEXITY" missed="0" covered="1"/><counter type="METHOD" missed="0" covered="1"/></method><method name="onEnable" desc="()V" line="61"><counter type="INSTRUCTION" missed="0" covered="57"/><counter type="LINE" missed="0" covered="10"/><counter type="COMPLEXITY" missed="0" covered="1"/><counter type="METHOD" missed="0" covered="1"/></method><method name="onDisable" desc="()V" line="76"><counter type="INSTRUCTION" missed="0" covered="23"/><counter type="LINE" missed="0" covered="9"/><counter type="COMPLEXITY" missed="0" covered="1"/><counter type="METHOD" missed="0" covered="1"/></method><counter type="INSTRUCTION" missed="3" covered="148"/><counter type="LINE" missed="2" covered="33"/><counter type="COMPLEXITY" missed="1" covered="4"/><counter type="METHOD" missed="1" covered="4"/><counter type="CLASS" missed="0" covered="1"/></class><class name="minecraft/teamocto/DefenseCreationEvent" sourcefilename="DefenseCreationEvent.java"><method name="&lt;clinit&gt;" desc="()V" line="18"><counter type="INSTRUCTION" missed="5" covered="0"/><counter type="LINE" missed="1" covered="0"/><counter type="COMPLEXITY" missed="1" covered="0"/><counter type="METHOD" missed="1" covered="0"/></method><method name="&lt;init&gt;" desc="(Lorg/bukkit/event/player/PlayerInteractEvent;)V" line="20"><counter type="INSTRUCTION" missed="23" covered="0"/><counter type="LINE" missed="6" covered="0"/><counter type="COMPLEXITY" missed="1" covered="0"/><counter type="METHOD" missed="1" covered="0"/></method><method name="&lt;init&gt;" desc="(Z)V" line="28"><counter type="INSTRUCTION" missed="4" covered="0"/><counter type="LINE" missed="2" covered="0"/><counter type="COMPLEXITY" missed="1" covered="0"/><counter type="METHOD" missed="1" covered="0"/></method><method name="isCancelled" desc="()Z" line="33"><counter type="INSTRUCTION" missed="3" covered="0"/><counter type="LINE" missed="1" covered="0"/><counter type="COMPLEXITY" missed="1" covered="0"/><counter type="METHOD" missed="1" covered="0"/></method><method name="setCancelled" desc="(Z)V" line="38"><counter type="INSTRUCTION" missed="4" covered="0"/><counter type="LINE" missed="2" covered="0"/><counter type="COMPLEXITY" missed="1" covered="0"/><counter type="METHOD" missed="1" covered="0"/></method><method name="getHandlers" desc="()Lorg/bukkit/event/HandlerList;" line="43"><counter type="INSTRUCTION" missed="2" covered="0"/><counter type="LINE" missed="1" covered="0"/><counter type="COMPLEXITY" missed="1" covered="0"/><counter type="METHOD" missed="1" covered="0"/></method><method name="getHandlerList" desc="()Lorg/bukkit/event/HandlerList;" line="47"><counter type="INSTRUCTION" missed="2" covered="0"/><counter type="LINE" missed="1" covered="0"/><counter type="COMPLEXITY" missed="1" covered="0"/><counter type="METHOD" missed="1" covered="0"/></method><method name="getMaterialOfTool" desc="()Lorg/bukkit/Material;" line="56"><counter type="INSTRUCTION" missed="3" covered="0"/><counter type="LINE" missed="1" covered="0"/><counter type="COMPLEXITY" missed="1" covered="0"/><counter type="METHOD" missed="1" covered="0"/></method><method name="getLocation" desc="()Lorg/bukkit/Location;" line="61"><counter type="INSTRUCTION" missed="3" covered="0"/><counter type="LINE" missed="1" covered="0"/><counter type="COMPLEXITY" missed="1" covered="0"/><counter type="METHOD" missed="1" covered="0"/></method><method name="getMessage" desc="()Ljava/lang/String;" line="66"><counter type="INSTRUCTION" missed="2" covered="0"/><counter type="LINE" missed="1" covered="0"/><counter type="COMPLEXITY" missed="1" covered="0"/><counter type="METHOD" missed="1" covered="0"/></method><counter type="INSTRUCTION" missed="51" covered="0"/><counter type="LINE" missed="17" covered="0"/><counter type="COMPLEXITY" missed="10" covered="0"/><counter type="METHOD" missed="10" covered="0"/><counter type="CLASS" missed="1" covered="0"/></class><class name="minecraft/teamocto/DefenseCreationEventInterface" sourcefilename="DefenseCreationEventInterface.java"/><class name="minecraft/teamocto/PlayerHandler" sourcefilename="PlayerHandler.java"><method name="&lt;init&gt;" desc="()V" line="13"><counter type="INSTRUCTION" missed="0" covered="3"/><counter type="LINE" missed="0" covered="1"/><counter type="COMPLEXITY" missed="0" covered="1"/><counter type="METHOD" missed="0" covered="1"/></method><method name="onPlayerJoin" desc="(Lorg/bukkit/event/player/PlayerJoinEvent;)V" line="16"><counter type="INSTRUCTION" missed="0" covered="7"/><counter type="LINE" missed="0" covered="3"/><counter type="COMPLEXITY" missed="0" covered="1"/><counter type="METHOD" missed="0" covered="1"/></method><method name="onPlayerRespawn" desc="(Lorg/bukkit/event/player/PlayerRespawnEvent;)V" line="23"><counter type="INSTRUCTION" missed="7" covered="0"/><counter type="LINE" missed="3" covered="0"/><counter type="COMPLEXITY" missed="1" covered="0"/><counter type="METHOD" missed="1" covered="0"/></method><method name="giveInitialItems" desc="(Lorg/bukkit/entity/Player;)V" line="29"><counter type="INSTRUCTION" missed="0" covered="62"/><counter type="LINE" missed="0" covered="11"/><counter type="COMPLEXITY" missed="0" covered="1"/><counter type="METHOD" missed="0" covered="1"/></method><method name="makeUnbreakable" desc="(Lorg/bukkit/inventory/ItemStack;)V" line="46"><counter type="INSTRUCTION" missed="0" covered="11"/><counter type="LINE" missed="0" covered="4"/><counter type="COMPLEXITY" missed="0" covered="1"/><counter type="METHOD" missed="0" covered="1"/></method><method name="addEnchantmentToBow" desc="(Lorg/bukkit/inventory/ItemStack;)V" line="52"><counter type="INSTRUCTION" missed="0" covered="14"/><counter type="LINE" missed="0" covered="4"/><counter type="COMPLEXITY" missed="0" covered="1"/><counter type="METHOD" missed="0" covered="1"/></method><counter type="INSTRUCTION" missed="7" covered="97"/><counter type="LINE" missed="3" covered="23"/><counter type="COMPLEXITY" missed="1" covered="5"/><counter type="METHOD" missed="1" covered="5"/><counter type="CLASS" missed="0" covered="1"/></class><sourcefile name="PlayerHandler.java"><line nr="13" mi="0" ci="3" mb="0" cb="0"/><line nr="16" mi="0" ci="3" mb="0" cb="0"/><line nr="18" mi="0" ci="3" mb="0" cb="0"/><line nr="19" mi="0" ci="1" mb="0" cb="0"/><line nr="23" mi="3" ci="0" mb="0" cb="0"/><line nr="24" mi="3" ci="0" mb="0" cb="0"/><line nr="25" mi="1" ci="0" mb="0" cb="0"/><line nr="29" mi="0" ci="6" mb="0" cb="0"/><line nr="30" mi="0" ci="3" mb="0" cb="0"/><line nr="32" mi="0" ci="6" mb="0" cb="0"/><line nr="33" mi="0" ci="3" mb="0" cb="0"/><line nr="35" mi="0" ci="6" mb="0" cb="0"/><line nr="36" mi="0" ci="3" mb="0" cb="0"/><line nr="38" mi="0" ci="6" mb="0" cb="0"/><line nr="39" mi="0" ci="3" mb="0" cb="0"/><line nr="40" mi="0" ci="3" mb="0" cb="0"/><line nr="42" mi="0" ci="22" mb="0" cb="0"/><line nr="43" mi="0" ci="1" mb="0" cb="0"/><line nr="46" mi="0" ci="3" mb="0" cb="0"/><line nr="47" mi="0" ci="3" mb="0" cb="0"/><line nr="48" mi="0" ci="4" mb="0" cb="0"/><line nr="49" mi="0" ci="1" mb="0" cb="0"/><line nr="52" mi="0" ci="3" mb="0" cb="0"/><line nr="53" mi="0" ci="6" mb="0" cb="0"/><line nr="54" mi="0" ci="4" mb="0" cb="0"/><line nr="55" mi="0" ci="1" mb="0" cb="0"/><counter type="INSTRUCTION" missed="7" covered="97"/><counter type="LINE" missed="3" covered="23"/><counter type="COMPLEXITY" missed="1" covered="5"/><counter type="METHOD" missed="1" covered="5"/><counter type="CLASS" missed="0" covered="1"/></sourcefile><sourcefile name="DefensePlugin.java"><line nr="34" mi="2" ci="0" mb="0" cb="0"/><line nr="35" mi="1" ci="0" mb="0" cb="0"/><line nr="40" mi="0" ci="6" mb="0" cb="0"/><line nr="41" mi="0" ci="1" mb="0" cb="0"/><line nr="45" mi="0" ci="2" mb="0" cb="0"/><line nr="47" mi="0" ci="5" mb="0" cb="0"/><line nr="48" mi="0" ci="6" mb="0" cb="0"/><line nr="49" mi="0" ci="6" mb="0" cb="0"/><line nr="50" mi="0" ci="6" mb="0" cb="0"/><line nr="51" mi="0" ci="5" mb="0" cb="0"/><line nr="52" mi="0" ci="5" mb="0" cb="0"/><line nr="53" mi="0" ci="7" mb="0" cb="0"/><line nr="54" mi="0" ci="6" mb="0" cb="0"/><line nr="55" mi="0" ci="6" mb="0" cb="0"/><line nr="56" mi="0" ci="6" mb="0" cb="0"/><line nr="57" mi="0" ci="1" mb="0" cb="0"/><line nr="61" mi="0" ci="2" mb="0" cb="0"/><line nr="64" mi="0" ci="7" mb="0" cb="0"/><line nr="65" mi="0" ci="7" mb="0" cb="0"/><line nr="66" mi="0" ci="7" mb="0" cb="0"/><line nr="67" mi="0" ci="7" mb="0" cb="0"/><line nr="68" mi="0" ci="7" mb="0" cb="0"/><line nr="69" mi="0" ci="7" mb="0" cb="0"/><line nr="70" mi="0" ci="6" mb="0" cb="0"/><line nr="71" mi="0" ci="6" mb="0" cb="0"/><line nr="72" mi="0" ci="1" mb="0" cb="0"/><line nr="76" mi="0" ci="2" mb="0" cb="0"/><line nr="79" mi="0" ci="3" mb="0" cb="0"/><line nr="80" mi="0" ci="3" mb="0" cb="0"/><line nr="81" mi="0" ci="3" mb="0" cb="0"/><line nr="82" mi="0" ci="3" mb="0" cb="0"/><line nr="83" mi="0" ci="3" mb="0" cb="0"/><line nr="84" mi="0" ci="3" mb="0" cb="0"/><line nr="85" mi="0" ci="2" mb="0" cb="0"/><line nr="86" mi="0" ci="1" mb="0" cb="0"/><counter type="INSTRUCTION" missed="3" covered="148"/><counter type="LINE" missed="2" covered="33"/><counter type="COMPLEXITY" missed="1" covered="4"/><counter type="METHOD" missed="1" covered="4"/><counter type="CLASS" missed="0" covered="1"/></sourcefile><sourcefile name="DefenseCreationEventInterface.java"/><sourcefile name="Shield.java"><line nr="25" mi="0" ci="3" mb="0" cb="0"/><line nr="33" mi="0" ci="2" mb="0" cb="0"/><line nr="34" mi="0" ci="5" mb="0" cb="0"/><line nr="35" mi="0" ci="1" mb="0" cb="0"/><line nr="37" mi="0" ci="4" mb="0" cb="0"/><line nr="38" mi="0" ci="3" mb="0" cb="0"/><line nr="39" mi="0" ci="5" mb="0" cb="0"/><line nr="40" mi="0" ci="5" mb="0" cb="0"/><line nr="41" mi="0" ci="5" mb="0" cb="0"/><line nr="43" mi="0" ci="4" mb="1" cb="1"/><line nr="44" mi="11" ci="0" mb="2" cb="0"/><line nr="45" mi="4" ci="0" mb="0" cb="0"/><line nr="46" mi="1" ci="0" mb="0" cb="0"/><line nr="48" mi="7" ci="0" mb="0" cb="0"/><line nr="49" mi="9" ci="0" mb="0" cb="0"/><line nr="50" mi="3" ci="0" mb="0" cb="0"/><line nr="52" mi="1" ci="0" mb="0" cb="0"/><line nr="53" mi="0" ci="4" mb="1" cb="1"/><line nr="54" mi="0" ci="5" mb="0" cb="0"/><line nr="58" mi="0" ci="1" mb="0" cb="0"/><line nr="61" mi="6" ci="0" mb="0" cb="0"/><line nr="62" mi="5" ci="0" mb="0" cb="0"/><line nr="64" mi="8" ci="0" mb="2" cb="0"/><line nr="65" mi="11" ci="0" mb="0" cb="0"/><line nr="66" mi="3" ci="0" mb="0" cb="0"/><line nr="67" mi="10" ci="0" mb="2" cb="0"/><line nr="68" mi="7" ci="0" mb="0" cb="0"/><line nr="69" mi="4" ci="0" mb="0" cb="0"/><line nr="71" mi="12" ci="0" mb="2" cb="0"/><line nr="72" mi="7" ci="0" mb="0" cb="0"/><line nr="73" mi="4" ci="0" mb="0" cb="0"/><line nr="76" mi="5" ci="0" mb="0" cb="0"/><line nr="77" mi="1" ci="0" mb="0" cb="0"/><line nr="80" mi="3" ci="0" mb="0" cb="0"/><line nr="81" mi="4" ci="0" mb="2" cb="0"/><line nr="82" mi="2" ci="0" mb="0" cb="0"/><line nr="83" mi="4" ci="0" mb="0" cb="0"/><line nr="84" mi="4" ci="0" mb="0" cb="0"/><line nr="87" mi="1" ci="0" mb="0" cb="0"/><line nr="95" mi="4" ci="0" mb="0" cb="0"/><line nr="96" mi="7" ci="0" mb="2" cb="0"/><line nr="97" mi="5" ci="0" mb="0" cb="0"/><line nr="98" mi="5" ci="0" mb="2" cb="0"/><line nr="99" mi="3" ci="0" mb="0" cb="0"/><line nr="100" mi="3" ci="0" mb="2" cb="0"/><line nr="101" mi="4" ci="0" mb="0" cb="0"/><line nr="102" mi="1" ci="0" mb="0" cb="0"/><line nr="104" mi="5" ci="0" mb="0" cb="0"/><line nr="106" mi="1" ci="0" mb="0" cb="0"/><line nr="109" mi="1" ci="0" mb="0" cb="0"/><line nr="113" mi="4" ci="0" mb="0" cb="0"/><line nr="114" mi="2" ci="0" mb="0" cb="0"/><line nr="116" mi="12" ci="0" mb="2" cb="0"/><line nr="117" mi="11" ci="0" mb="4" cb="0"/><line nr="118" mi="3" ci="0" mb="0" cb="0"/><line nr="119" mi="2" ci="0" mb="0" cb="0"/><line nr="120" mi="1" ci="0" mb="0" cb="0"/><line nr="123" mi="2" ci="0" mb="2" cb="0"/><line nr="124" mi="2" ci="0" mb="0" cb="0"/><line nr="125" mi="5" ci="0" mb="0" cb="0"/><line nr="127" mi="1" ci="0" mb="0" cb="0"/><line nr="130" mi="0" ci="3" mb="0" cb="0"/><line nr="134" mi="0" ci="3" mb="0" cb="0"/><counter type="INSTRUCTION" missed="221" covered="53"/><counter type="BRANCH" missed="26" covered="2"/><counter type="LINE" missed="48" covered="15"/><counter type="COMPLEXITY" missed="18" covered="4"/><counter type="METHOD" missed="4" covered="4"/><counter type="CLASS" missed="0" covered="1"/></sourcefile><sourcefile name="DefenseCreationEvent.java"><line nr="18" mi="5" ci="0" mb="0" cb="0"/><line nr="20" mi="2" ci="0" mb="0" cb="0"/><line nr="21" mi="3" ci="0" mb="0" cb="0"/><line nr="22" mi="7" ci="0" mb="0" cb="0"/><line nr="23" mi="7" ci="0" mb="0" cb="0"/><line nr="24" mi="3" ci="0" mb="0" cb="0"/><line nr="25" mi="1" ci="0" mb="0" cb="0"/><line nr="28" mi="3" ci="0" mb="0" cb="0"/><line nr="29" mi="1" ci="0" mb="0" cb="0"/><line nr="33" mi="3" ci="0" mb="0" cb="0"/><line nr="38" mi="3" ci="0" mb="0" cb="0"/><line nr="39" mi="1" ci="0" mb="0" cb="0"/><line nr="43" mi="2" ci="0" mb="0" cb="0"/><line nr="47" mi="2" ci="0" mb="0" cb="0"/><line nr="56" mi="3" ci="0" mb="0" cb="0"/><line nr="61" mi="3" ci="0" mb="0" cb="0"/><line nr="66" mi="2" ci="0" mb="0" cb="0"/><counter type="INSTRUCTION" missed="51" covered="0"/><counter type="LINE" missed="17" covered="0"/><counter type="COMPLEXITY" missed="10" covered="0"/><counter type="METHOD" missed="10" covered="0"/><counter type="CLASS" missed="1" covered="0"/></sourcefile><counter type="INSTRUCTION" missed="282" covered="298"/><counter type="BRANCH" missed="26" covered="2"/><counter type="LINE" missed="70" covered="71"/><counter type="COMPLEXITY" missed="30" covered="13"/><counter type="METHOD" missed="16" covered="13"/><counter type="CLASS" missed="1" covered="3"/></package><counter type="INSTRUCTION" missed="904" covered="439"/><counter type="BRANCH" missed="123" covered="9"/><counter type="LINE" missed="199" covered="125"/><counter type="COMPLEXITY" missed="103" covered="31"/><counter type="METHOD" missed="38" covered="30"/><counter type="CLASS" missed="1" covered="13"/></report>